MonoTouch: Could not install sigaction override, unexpected sigaction implementation.
2019-03-09 17:57:20.712976+0100 Sudoku.iOS[56175:11257387] SecTaskLoadEntitlements failed error=22 cs_flags=200, pid=56175
2019-03-09 17:57:20.714076+0100 Sudoku.iOS[56175:11257387] SecTaskCopyDebugDescription: Sudoku.iOS[56175]/0#-1 LF=0
2019-03-09 17:57:21.739415+0100 Sudoku.iOS[56175:11257387] 
Unhandled Exception:
System.NullReferenceException: Object reference not set to an instance of an object
  at Sudoku.App+<OnStart>d__2.MoveNext () [0x00017] in <1880fcbd99244dbe86658ac068787320>:0 
--- End of stack trace from previous location where exception was thrown ---
  at System.Runtime.CompilerServices.AsyncMethodBuilderCore+<>c.<ThrowAsync>b__6_0 (System.Object state) [0x00000] in <2b439461a53d406abf16d6e5e34ece7f>:0 
  at Foundation.NSAsyncSynchronizationContextDispatcher.Apply () [0x00000] in <bbd12705940f4bb29392519af87b535b>:0 
--- End of stack trace from previous location where exception was thrown ---
  at (wrapper managed-to-native) UIKit.UIApplication.UIApplicationMain(int,string[],intptr,intptr)
  at UIKit.UIApplication.Main (System.String[] args, System.IntPtr principal, System.IntPtr delegate) [0x00005] in <bbd12705940f4bb29392519af87b535b>:0 
  at UIKit.UIApplication.Main (System.String[] args, System.String principalClassName, System.String delegateClassName) [0x0002c] in <bbd12705940f4bb29392519af87b535b>:0 
  at Sudoku.iOS.Application.Main (System.String[] args) [0x00000] in <b57068d8401f4f379ad4778702b463b2>:0
2019-03-09 17:57:21.740449+0100 Sudoku.iOS[56175:11257387] Unhandled managed exception:
Object reference not set to an instance of an object (System.NullReferenceException)
  at Sudoku.App+<OnStart>d__2.MoveNext () [0x00017] in <1880fcbd99244dbe86658ac068787320>:0 
--- End of stack trace from previous location where exception was thrown ---
  at System.Runtime.CompilerServices.AsyncMethodBuilderCore+<>c.<ThrowAsync>b__6_0 (System.Object state) [0x00000] in <2b439461a53d406abf16d6e5e34ece7f>:0 
  at Foundation.NSAsyncSynchronizationContextDispatcher.Apply () [0x00000] in <bbd12705940f4bb29392519af87b535b>:0 
--- End of stack trace from previous location where exception was thrown ---
  at (wrapper managed-to-native) UIKit.UIApplication.UIApplicationMain(int,string[],intptr,intptr)
  at UIKit.UIApplication.Main (System.String[] args, System.IntPtr principal, System.IntPtr delegate) [0x00005] in <bbd12705940f4bb29392519af87b535b>:0 
  at UIKit.UIApplication.Main (System.String[] args, System.String principalClassName, System.String delegateClassName) [0x0002c] in <bbd12705940f4bb29392519af87b535b>:0 
  at Sudoku.iOS.Application.Main (System.String[] args) [0x00000] in <b57068d8401f4f379ad4778702b463b2>:0
2019-03-09 17:57:21.741745+0100 Sudoku.iOS[56175:11257387] critical: Stacktrace:
2019-03-09 17:57:21.742424+0100 Sudoku.iOS[56175:11257387] critical: 
Native stacktrace:
2019-03-09 17:57:21.869753+0100 Sudoku.iOS[56175:11257387] critical: 	0   Sudoku.iOS                          0x0000000102528b14 mono_handle_native_crash + 244
2019-03-09 17:57:21.870240+0100 Sudoku.iOS[56175:11257387] critical: 	1   libsystem_platform.dylib            0x000000011250fb3d _sigtramp + 29
2019-03-09 17:57:21.870994+0100 Sudoku.iOS[56175:11257387] critical: 	2   ???                                 0x0000000102b0c52c 0x0 + 4340106540
2019-03-09 17:57:21.871145+0100 Sudoku.iOS[56175:11257387] critical: 	3   libsystem_c.dylib                   0x00000001121b0c45 abort + 127
2019-03-09 17:57:21.871370+0100 Sudoku.iOS[56175:11257387] critical: 	4   Sudoku.iOS                          0x0000000102707102 xamarin_unhandled_exception_handler + 34
2019-03-09 17:57:21.874783+0100 Sudoku.iOS[56175:11257387] critical: 	5   Sudoku.iOS                          0x00000001025bed5e mono_invoke_unhandled_exception_hook + 158
2019-03-09 17:57:21.882998+0100 Sudoku.iOS[56175:11257387] critical: 	6   Sudoku.iOS                          0x00000001025286dc mono_handle_exception_internal + 6140
2019-03-09 17:57:21.883935+0100 Sudoku.iOS[56175:11257387] critical: 	7   Sudoku.iOS                          0x0000000102526ed9 mono_handle_exception + 25
2019-03-09 17:57:21.884798+0100 Sudoku.iOS[56175:11257387] critical: 	8   Sudoku.iOS                          0x00000001024aa063 mono_amd64_throw_exception + 131
2019-03-09 17:57:21.886538+0100 Sudoku.iOS[56175:11257387] critical: 	9   ???                                 0x000000012f9615a7 0x0 + 5093332391
2019-03-09 17:57:21.886829+0100 Sudoku.iOS[56175:11257387] critical: 	10  Sudoku.iOS                          0x000000010240485c _ZL31native_to_managed_trampoline_20P11objc_objectP13objc_selectorPP11_MonoMethodj + 284
2019-03-09 17:57:21.887070+0100 Sudoku.iOS[56175:11257387] critical: 	11  Sudoku.iOS                          0x0000000102408f24 -[__MonoMac_NSAsyncSynchronizationContextDispatcher xamarinApplySelector] + 52
2019-03-09 17:57:21.887900+0100 Sudoku.iOS[56175:11257387] critical: 	12  Foundation                          0x000000010bacac7b __NSThreadPerformPerform + 330
2019-03-09 17:57:21.888065+0100 Sudoku.iOS[56175:11257387] critical: 	13  CoreFoundation                      0x000000010fcbd721 __CFRUNLOOP_IS_CALLING_OUT_TO_A_SOURCE0_PERFORM_FUNCTION__ + 17
2019-03-09 17:57:21.888249+0100 Sudoku.iOS[56175:11257387] critical: 	14  CoreFoundation                      0x000000010fcbd054 __CFRunLoopDoSources0 + 436
2019-03-09 17:57:21.888428+0100 Sudoku.iOS[56175:11257387] critical: 	15  CoreFoundation                      0x000000010fcb763f __CFRunLoopRun + 1263
2019-03-09 17:57:21.888622+0100 Sudoku.iOS[56175:11257387] critical: 	16  CoreFoundation                      0x000000010fcb6e11 CFRunLoopRunSpecific + 625
2019-03-09 17:57:21.888848+0100 Sudoku.iOS[56175:11257387] critical: 	17  GraphicsServices                    0x0000000114fde1dd GSEventRunModal + 62
2019-03-09 17:57:21.889036+0100 Sudoku.iOS[56175:11257387] critical: 	18  UIKitCore                           0x000000011a9c981d UIApplicationMain + 140
2019-03-09 17:57:21.889254+0100 Sudoku.iOS[56175:11257387] critical: 	19  ???                                 0x0000000132051b69 0x0 + 5134162793
2019-03-09 17:57:21.890895+0100 Sudoku.iOS[56175:11257387] critical: 	20  ???                                 0x0000000132051a03 0x0 + 5134162435
2019-03-09 17:57:21.891053+0100 Sudoku.iOS[56175:11257387] critical: 	21  Sudoku.iOS                          0x000000010253b251 mono_jit_runtime_invoke + 1441
2019-03-09 17:57:21.891212+0100 Sudoku.iOS[56175:11257387] critical: 	22  Sudoku.iOS                          0x00000001026200ff mono_runtime_invoke_checked + 127
2019-03-09 17:57:21.891343+0100 Sudoku.iOS[56175:11257387] critical: 	23  Sudoku.iOS                          0x000000010262562e mono_runtime_exec_main_checked + 110
2019-03-09 17:57:21.891855+0100 Sudoku.iOS[56175:11257387] critical: 	24  Sudoku.iOS                          0x00000001024a94f9 mono_jit_exec + 297
2019-03-09 17:57:21.891979+0100 Sudoku.iOS[56175:11257387] critical: 	25  Sudoku.iOS                          0x000000010270dd4d xamarin_main + 1309
2019-03-09 17:57:21.895429+0100 Sudoku.iOS[56175:11257387] critical: 	26  Sudoku.iOS                          0x00000001024686a2 main + 82
2019-03-09 17:57:21.896762+0100 Sudoku.iOS[56175:11257387] critical: 	27  libdyld.dylib                       0x00000001120c4575 start + 1
2019-03-09 17:57:21.896912+0100 Sudoku.iOS[56175:11257387] critical: 
=================================================================
Got a SIGABRT while executing native code. This usually indicates
a fatal error in the mono runtime or one of the native libraries 
used by your application.
=================================================================
